<?xml version="1.0" encoding="UTF-8"?>
<!-- Generated by org.testng.reporters.JUnitReportReporter -->
<testsuite hostname="LAPTOP-NQ62URLD" failures="0" tests="1" name="testRunner.TestRunner" time="9.833" errors="0" timestamp="2024-01-19T15:06:26 EST" skipped="0">
  <testcase classname="testRunner.TestRunner" name="runScenario" time="9.833"/>
</testsuite> <!-- testRunner.TestRunner -->
